[ 2025-05-16 14:14:44,606 ] 1025 httpx - INFO - HTTP Request: GET https://dagshub.com/api/v1/user "HTTP/1.1 200 OK"
[ 2025-05-16 14:14:44,609 ] 107 dagshub - INFO - Accessing as Dhruvsandhu1
[ 2025-05-16 14:14:45,090 ] 1025 httpx - INFO - HTTP Request: GET https://dagshub.com/api/v1/repos/Dhruvsandhu1/networksecurity_project "HTTP/1.1 200 OK"
[ 2025-05-16 14:14:45,560 ] 1025 httpx - INFO - HTTP Request: GET https://dagshub.com/api/v1/user "HTTP/1.1 200 OK"
[ 2025-05-16 14:14:45,563 ] 107 dagshub - INFO - Initialized MLflow to track repo "Dhruvsandhu1/networksecurity_project"
[ 2025-05-16 14:14:45,564 ] 107 dagshub - INFO - Repository Dhruvsandhu1/networksecurity_project initialized!
[ 2025-05-16 14:15:19,655 ] 42 root - INFO - Start data Ingestion
[ 2025-05-16 14:15:22,506 ] 65 root - INFO - Performed train test split on the dataframe
[ 2025-05-16 14:15:22,507 ] 67 root - INFO - Exited split_data_as_train_test method of Data_Ingestion class
[ 2025-05-16 14:15:22,507 ] 75 root - INFO - Exporting train and test file path.
[ 2025-05-16 14:15:22,562 ] 84 root - INFO - Exported train and test file path.
[ 2025-05-16 14:15:22,563 ] 45 root - INFO - Data Ingestion completed and artifact: DataIngestionArtifact(trained_file_path='Artifacts\\05_16_2025_14_14_41\\data_ingestion\\ingested\\train.csv', test_file_path='Artifacts\\05_16_2025_14_14_41\\data_ingestion\\ingested\\test.csv')
[ 2025-05-16 14:15:22,588 ] 55 root - INFO - Initiate the data Validation
[ 2025-05-16 14:15:22,649 ] 32 root - INFO - Required number of columns:2
[ 2025-05-16 14:15:22,649 ] 33 root - INFO - Data frame has columns:31
[ 2025-05-16 14:15:22,649 ] 32 root - INFO - Required number of columns:2
[ 2025-05-16 14:15:22,649 ] 33 root - INFO - Data frame has columns:31
[ 2025-05-16 14:15:22,797 ] 63 root - INFO - Entered initiate_data_transformation method of DataTransformation class
[ 2025-05-16 14:15:22,797 ] 65 root - INFO - Starting data transformation
[ 2025-05-16 14:15:22,823 ] 48 root - INFO - Entered get_data_trnasformer_object method of Transformation class
[ 2025-05-16 14:15:22,823 ] 53 root - INFO - Initialise KNNImputer with {'missing_values': nan, 'n_neighbors': 3, 'weights': 'uniform'}
[ 2025-05-16 14:15:22,835 ] 46 root - INFO - Entered the save_object method of MainUtils class
[ 2025-05-16 14:15:22,837 ] 50 root - INFO - Exited the save_object method of MainUtils class
[ 2025-05-16 14:15:22,838 ] 46 root - INFO - Entered the save_object method of MainUtils class
[ 2025-05-16 14:15:22,841 ] 50 root - INFO - Exited the save_object method of MainUtils class
[ 2025-05-16 14:20:16,454 ] 46 root - INFO - Entered the save_object method of MainUtils class
[ 2025-05-16 14:20:16,455 ] 50 root - INFO - Exited the save_object method of MainUtils class
[ 2025-05-16 14:20:16,455 ] 46 root - INFO - Entered the save_object method of MainUtils class
[ 2025-05-16 14:20:16,480 ] 50 root - INFO - Exited the save_object method of MainUtils class
[ 2025-05-16 14:20:16,480 ] 151 root - INFO - Model trainer artifact: ModelTrainerArtifact(trained_model_file_path='Artifacts\\05_16_2025_14_14_41\\model_trainer\\trained_model\\model.pkl', train_metric_artifact=ClassificationMetricArtifact(f1_score=0.9903953088666464, precision_score=0.9871019750100766, recall_score=0.9937106918238994), test_metric_artifact=ClassificationMetricArtifact(f1_score=0.9764991896272285, precision_score=0.9717741935483871, recall_score=0.9812703583061889))
