[ 2025-05-15 21:16:42,776 ] 1025 httpx - INFO - HTTP Request: GET https://dagshub.com/api/v1/user "HTTP/1.1 200 OK"
[ 2025-05-15 21:16:42,809 ] 107 dagshub - INFO - Accessing as Dhruvsandhu1
[ 2025-05-15 21:16:43,424 ] 1025 httpx - INFO - HTTP Request: GET https://dagshub.com/api/v1/repos/Dhruvsandhu1/networksecurity_project "HTTP/1.1 200 OK"
[ 2025-05-15 21:16:43,902 ] 1025 httpx - INFO - HTTP Request: GET https://dagshub.com/api/v1/user "HTTP/1.1 200 OK"
[ 2025-05-15 21:16:43,906 ] 107 dagshub - INFO - Initialized MLflow to track repo "Dhruvsandhu1/networksecurity_project"
[ 2025-05-15 21:16:43,907 ] 107 dagshub - INFO - Repository Dhruvsandhu1/networksecurity_project initialized!
[ 2025-05-15 21:16:43,908 ] 20 root - INFO - Initiate the data ingestion
[ 2025-05-15 21:16:48,424 ] 65 root - INFO - Performed train test split on the dataframe
[ 2025-05-15 21:16:48,424 ] 67 root - INFO - Exited split_data_as_train_test method of Data_Ingestion class
[ 2025-05-15 21:16:48,424 ] 75 root - INFO - Exporting train and test file path.
[ 2025-05-15 21:16:48,475 ] 84 root - INFO - Exported train and test file path.
[ 2025-05-15 21:16:48,475 ] 22 root - INFO - Data Initiation Completed
[ 2025-05-15 21:16:48,475 ] 26 root - INFO - Initiate the data Validation
[ 2025-05-15 21:16:48,605 ] 32 root - INFO - Required number of columns:2
[ 2025-05-15 21:16:48,605 ] 33 root - INFO - Data frame has columns:31
[ 2025-05-15 21:16:48,605 ] 32 root - INFO - Required number of columns:2
[ 2025-05-15 21:16:48,605 ] 33 root - INFO - Data frame has columns:31
[ 2025-05-15 21:16:48,758 ] 28 root - INFO - data Validation Completed
[ 2025-05-15 21:16:48,759 ] 32 root - INFO - data Transformation started
[ 2025-05-15 21:16:48,759 ] 63 root - INFO - Entered initiate_data_transformation method of DataTransformation class
[ 2025-05-15 21:16:48,759 ] 65 root - INFO - Starting data transformation
[ 2025-05-15 21:16:48,782 ] 48 root - INFO - Entered get_data_trnasformer_object method of Transformation class
[ 2025-05-15 21:16:48,782 ] 53 root - INFO - Initialise KNNImputer with {'missing_values': nan, 'n_neighbors': 3, 'weights': 'uniform'}
[ 2025-05-15 21:16:48,789 ] 46 root - INFO - Entered the save_object method of MainUtils class
[ 2025-05-15 21:16:48,795 ] 50 root - INFO - Exited the save_object method of MainUtils class
[ 2025-05-15 21:16:48,796 ] 46 root - INFO - Entered the save_object method of MainUtils class
[ 2025-05-15 21:16:48,797 ] 50 root - INFO - Exited the save_object method of MainUtils class
[ 2025-05-15 21:16:48,798 ] 36 root - INFO - data Transformation completed
[ 2025-05-15 21:16:48,798 ] 38 root - INFO - Model Training started
[ 2025-05-15 21:21:29,531 ] 46 root - INFO - Entered the save_object method of MainUtils class
[ 2025-05-15 21:21:29,534 ] 50 root - INFO - Exited the save_object method of MainUtils class
[ 2025-05-15 21:21:29,534 ] 46 root - INFO - Entered the save_object method of MainUtils class
[ 2025-05-15 21:21:29,560 ] 50 root - INFO - Exited the save_object method of MainUtils class
[ 2025-05-15 21:21:29,561 ] 151 root - INFO - Model trainer artifact: ModelTrainerArtifact(trained_model_file_path='Artifacts\\05_15_2025_21_16_39\\model_trainer\\trained_model\\model.pkl', train_metric_artifact=ClassificationMetricArtifact(f1_score=0.9912814274128142, precision_score=0.9902774964553372, recall_score=0.9922873959813274), test_metric_artifact=ClassificationMetricArtifact(f1_score=0.9740470397404704, precision_score=0.9716828478964401, recall_score=0.9764227642276423))
[ 2025-05-15 21:21:29,563 ] 43 root - INFO - Model Training artifact created
